# JRE version: Java(TM) SE Runtime Environment (8.0_45-b14) (build 1.8.0_45-b14)
# Java VM: Java HotSpot(TM) 64-Bit Server VM (25.45-b02 mixed mode linux-amd64 compressed oops)
Heap:
 PSYoungGen      total 668672K, used 303058K [0x000000076d000000, 0x000000079db80000, 0x00000007c0000000)
  eden space 627712K, 48% used [0x000000076d000000,0x000000077f7f4820,0x0000000793500000)
  from space 40960K, 0% used [0x0000000793500000,0x0000000793500000,0x0000000795d00000)
  to   space 47104K, 0% used [0x000000079ad80000,0x000000079ad80000,0x000000079db80000)
 ParOldGen       total 463360K, used 105600K [0x00000006c7000000, 0x00000006e3480000, 0x000000076d000000)
  object space 463360K, 22% used [0x00000006c7000000,0x00000006cd720000,0x00000006e3480000)
 Metaspace       used 104623K, capacity 109138K, committed 109376K, reserved 1144832K
  class space    used 14025K, capacity 14870K, committed 14912K, reserved 1048576K
GC Heap History (10 events):
Event: 5.730 GC heap before
{Heap before GC invocations=11 (full 2):
 PSYoungGen      total 576512K, used 175143K [0x000000076d000000, 0x0000000799700000, 0x00000007c0000000)
  eden space 542208K, 26% used [0x000000076d000000,0x0000000775a5a4c8,0x000000078e180000)
  from space 34304K, 97% used [0x0000000790780000,0x000000079282fb18,0x0000000792900000)
  to   space 38912K, 0% used [0x000000078e180000,0x000000078e180000,0x0000000790780000)
 ParOldGen       total 235008K, used 55162K [0x00000006c7000000, 0x00000006d5580000, 0x000000076d000000)
  object space 235008K, 23% used [0x00000006c7000000,0x00000006ca5de920,0x00000006d5580000)
 Metaspace       used 56974K, capacity 59024K, committed 59096K, reserved 1099776K
  class space    used 7352K, capacity 7841K, committed 7896K, reserved 1048576K
Event: 5.748 GC heap after
Heap after GC invocations=11 (full 2):
 PSYoungGen      total 581120K, used 17819K [0x000000076d000000, 0x0000000798800000, 0x00000007c0000000)
  eden space 542208K, 0% used [0x000000076d000000,0x000000076d000000,0x000000078e180000)
  from space 38912K, 45% used [0x000000078e180000,0x000000078f2e6c78,0x0000000790780000)
  to   space 37376K, 0% used [0x0000000796380000,0x0000000796380000,0x0000000798800000)
 ParOldGen       total 235008K, used 55170K [0x00000006c7000000, 0x00000006d5580000, 0x000000076d000000)
  object space 235008K, 23% used [0x00000006c7000000,0x00000006ca5e0920,0x00000006d5580000)
 Metaspace       used 56974K, capacity 59024K, committed 59096K, reserved 1099776K
  class space    used 7352K, capacity 7841K, committed 7896K, reserved 1048576K
}
Event: 5.748 GC heap before
{Heap before GC invocations=12 (full 3):
 PSYoungGen      total 581120K, used 17819K [0x000000076d000000, 0x0000000798800000, 0x00000007c0000000)
  eden space 542208K, 0% used [0x000000076d000000,0x000000076d000000,0x000000078e180000)
  from space 38912K, 45% used [0x000000078e180000,0x000000078f2e6c78,0x0000000790780000)
  to   space 37376K, 0% used [0x0000000796380000,0x0000000796380000,0x0000000798800000)
 ParOldGen       total 235008K, used 55170K [0x00000006c7000000, 0x00000006d5580000, 0x000000076d000000)
  object space 235008K, 23% used [0x00000006c7000000,0x00000006ca5e0920,0x00000006d5580000)
 Metaspace       used 56974K, capacity 59024K, committed 59096K, reserved 1099776K
  class space    used 7352K, capacity 7841K, committed 7896K, reserved 1048576K
Event: 6.006 GC heap after
Heap after GC invocations=12 (full 3):
 PSYoungGen      total 581120K, used 0K [0x000000076d000000, 0x0000000798800000, 0x00000007c0000000)
  eden space 542208K, 0% used [0x000000076d000000,0x000000076d000000,0x000000078e180000)
  from space 38912K, 0% used [0x000000078e180000,0x000000078e180000,0x0000000790780000)
  to   space 37376K, 0% used [0x0000000796380000,0x0000000796380000,0x0000000798800000)
 ParOldGen       total 320000K, used 68891K [0x00000006c7000000, 0x00000006da880000, 0x000000076d000000)
  object space 320000K, 21% used [0x00000006c7000000,0x00000006cb346fe0,0x00000006da880000)
 Metaspace       used 56974K, capacity 59024K, committed 59096K, reserved 1099776K
  class space    used 7352K, capacity 7841K, committed 7896K, reserved 1048576K
}
Event: 8.675 GC heap before
{Heap before GC invocations=13 (full 3):
 PSYoungGen      total 581120K, used 542208K [0x000000076d000000, 0x0000000798800000, 0x00000007c0000000)
  eden space 542208K, 100% used [0x000000076d000000,0x000000078e180000,0x000000078e180000)
  from space 38912K, 0% used [0x000000078e180000,0x000000078e180000,0x0000000790780000)
  to   space 37376K, 0% used [0x0000000796380000,0x0000000796380000,0x0000000798800000)
 ParOldGen       total 320000K, used 68891K [0x00000006c7000000, 0x00000006da880000, 0x000000076d000000)
  object space 320000K, 21% used [0x00000006c7000000,0x00000006cb346fe0,0x00000006da880000)
 Metaspace       used 81903K, capacity 84672K, committed 84952K, reserved 1122304K
  class space    used 10753K, capacity 11363K, committed 11480K, reserved 1048576K
Event: 8.698 GC heap after
Heap after GC invocations=13 (full 3):
 PSYoungGen      total 655872K, used 34232K [0x000000076d000000, 0x0000000798500000, 0x00000007c0000000)
  eden space 621568K, 0% used [0x000000076d000000,0x000000076d000000,0x0000000792f00000)
  from space 34304K, 99% used [0x0000000796380000,0x00000007984ee050,0x0000000798500000)
  to   space 40960K, 0% used [0x0000000793500000,0x0000000793500000,0x0000000795d00000)
 ParOldGen       total 320000K, used 68907K [0x00000006c7000000, 0x00000006da880000, 0x000000076d000000)
  object space 320000K, 21% used [0x00000006c7000000,0x00000006cb34afe0,0x00000006da880000)
 Metaspace       used 81903K, capacity 84672K, committed 84952K, reserved 1122304K
  class space    used 10753K, capacity 11363K, committed 11480K, reserved 1048576K
}
Event: 11.141 GC heap before
{Heap before GC invocations=14 (full 3):
 PSYoungGen      total 655872K, used 648347K [0x000000076d000000, 0x0000000798500000, 0x00000007c0000000)
  eden space 621568K, 98% used [0x000000076d000000,0x00000007927b8e18,0x0000000792f00000)
  from space 34304K, 99% used [0x0000000796380000,0x00000007984ee050,0x0000000798500000)
  to   space 40960K, 0% used [0x0000000793500000,0x0000000793500000,0x0000000795d00000)
 ParOldGen       total 320000K, used 68907K [0x00000006c7000000, 0x00000006da880000, 0x000000076d000000)
  object space 320000K, 21% used [0x00000006c7000000,0x00000006cb34afe0,0x00000006da880000)
 Metaspace       used 94677K, capacity 98412K, committed 98496K, reserved 1134592K
  class space    used 12696K, capacity 13453K, committed 13504K, reserved 1048576K
Event: 11.178 GC heap after
Heap after GC invocations=14 (full 3):
 PSYoungGen      total 668672K, used 40942K [0x000000076d000000, 0x000000079db80000, 0x00000007c0000000)
  eden space 627712K, 0% used [0x000000076d000000,0x000000076d000000,0x0000000793500000)
  from space 40960K, 99% used [0x0000000793500000,0x0000000795cfb980,0x0000000795d00000)
  to   space 47104K, 0% used [0x000000079ad80000,0x000000079ad80000,0x000000079db80000)
 ParOldGen       total 320000K, used 71894K [0x00000006c7000000, 0x00000006da880000, 0x000000076d000000)
  object space 320000K, 22% used [0x00000006c7000000,0x00000006cb635af0,0x00000006da880000)
 Metaspace       used 94677K, capacity 98412K, committed 98496K, reserved 1134592K
  class space    used 12696K, capacity 13453K, committed 13504K, reserved 1048576K
}
Event: 11.178 GC heap before
{Heap before GC invocations=15 (full 4):
 PSYoungGen      total 668672K, used 40942K [0x000000076d000000, 0x000000079db80000, 0x00000007c0000000)
  eden space 627712K, 0% used [0x000000076d000000,0x000000076d000000,0x0000000793500000)
  from space 40960K, 99% used [0x0000000793500000,0x0000000795cfb980,0x0000000795d00000)
  to   space 47104K, 0% used [0x000000079ad80000,0x000000079ad80000,0x000000079db80000)
 ParOldGen       total 320000K, used 71894K [0x00000006c7000000, 0x00000006da880000, 0x000000076d000000)
  object space 320000K, 22% used [0x00000006c7000000,0x00000006cb635af0,0x00000006da880000)
 Metaspace       used 94677K, capacity 98412K, committed 98496K, reserved 1134592K
  class space    used 12696K, capacity 13453K, committed 13504K, reserved 1048576K
Event: 11.386 GC heap after
Heap after GC invocations=15 (full 4):
 PSYoungGen      total 668672K, used 0K [0x000000076d000000, 0x000000079db80000, 0x00000007c0000000)
  eden space 627712K, 0% used [0x000000076d000000,0x000000076d000000,0x0000000793500000)
  from space 40960K, 0% used [0x0000000793500000,0x0000000793500000,0x0000000795d00000)
  to   space 47104K, 0% used [0x000000079ad80000,0x000000079ad80000,0x000000079db80000)
 ParOldGen       total 463360K, used 105600K [0x00000006c7000000, 0x00000006e3480000, 0x000000076d000000)
  object space 463360K, 22% used [0x00000006c7000000,0x00000006cd720000,0x00000006e3480000)
 Metaspace       used 94677K, capacity 98412K, committed 98496K, reserved 1134592K
  class space    used 12696K, capacity 13453K, committed 13504K, reserved 1048576K
}

